Determining if the function FT_Get_Var_Blend_Coordinates exists failed with the following output:
Change Dir: /Users/radvani/Source/ViroHarfbuzz/macos/harfbuzz-1.7.6/build/CMakeFiles/CMakeTmp

Run Build Command:"/usr/bin/xcodebuild" "-project" "CMAKE_TRY_COMPILE.xcodeproj" "build" "-target" "cmTC_4451a" "-configuration" "Debug"
=== BUILD TARGET cmTC_4451a OF PROJECT CMAKE_TRY_COMPILE WITH CONFIGURATION Debug ===

Check dependencies
warning: The i386 architecture is deprecated for your deployment target (macOS 10.13). You should update your ARCHS build setting to remove the i386 architecture.

Write auxiliary files
/bin/mkdir -p /Users/radvani/Source/ViroHarfbuzz/macos/harfbuzz-1.7.6/build/CMakeFiles/CMakeTmp/CMAKE_TRY_COMPILE.build/Debug/cmTC_4451a.build/Objects-normal/i386
write-file /Users/radvani/Source/ViroHarfbuzz/macos/harfbuzz-1.7.6/build/CMakeFiles/CMakeTmp/CMAKE_TRY_COMPILE.build/Debug/cmTC_4451a.build/Objects-normal/i386/cmTC_4451a.LinkFileList
/bin/mkdir -p /Users/radvani/Source/ViroHarfbuzz/macos/harfbuzz-1.7.6/build/CMakeFiles/CMakeTmp/CMAKE_TRY_COMPILE.build/Debug/cmTC_4451a.build/Objects-normal/x86_64
write-file /Users/radvani/Source/ViroHarfbuzz/macos/harfbuzz-1.7.6/build/CMakeFiles/CMakeTmp/CMAKE_TRY_COMPILE.build/Debug/cmTC_4451a.build/Objects-normal/x86_64/cmTC_4451a.LinkFileList

CompileC CMAKE_TRY_COMPILE.build/Debug/cmTC_4451a.build/Objects-normal/x86_64/CheckFunctionExists.o /usr/local/Cellar/cmake/3.10.2/share/cmake/Modules/CheckFunctionExists.c normal x86_64 c com.apple.compilers.llvm.clang.1_0.compiler
    cd /Users/radvani/Source/ViroHarfbuzz/macos/harfbuzz-1.7.6/build/CMakeFiles/CMakeTmp
    export LANG=en_US.US-ASCII
    /Applications/Xcode.app/Contents/Developer/Toolchains/XcodeDefault.xctoolchain/usr/bin/clang -x c -arch x86_64 -fmessage-length=0 -fdiagnostics-show-note-include-stack -fmacro-backtrace-limit=0 -Wno-trigraphs -fpascal-strings -O0 -Wno-missing-field-initializers -Wno-missing-prototypes -Wno-return-type -Wno-missing-braces -Wparentheses -Wswitch -Wno-unused-function -Wno-unused-label -Wno-unused-parameter -Wno-unused-variable -Wunused-value -Wno-empty-body -Wno-uninitialized -Wno-unknown-pragmas -Wno-shadow -Wno-four-char-constants -Wno-conversion -Wno-constant-conversion -Wno-int-conversion -Wno-bool-conversion -Wno-enum-conversion -Wno-float-conversion -Wno-non-literal-null-conversion -Wno-objc-literal-conversion -Wno-shorten-64-to-32 -Wpointer-sign -Wno-newline-eof -DCMAKE_INTDIR=\"Debug\" -isysroot /Applications/Xcode.app/Contents/Developer/Platforms/MacOSX.platform/Developer/SDKs/MacOSX10.13.sdk -fasm-blocks -fstrict-aliasing -Wdeprecated-declarations -mmacosx-version-min=10.13 -g -Wno-sign-conversion -Wno-infinite-recursion -Wno-comma -Wno-block-capture-autoreleasing -Wno-strict-prototypes -I/Users/radvani/Source/ViroHarfbuzz/macos/harfbuzz-1.7.6/build/CMakeFiles/CMakeTmp/Debug/include -I/Library/Frameworks/Mono.framework/Headers -I/usr/local/include/freetype2 -I/Users/radvani/Source/ViroHarfbuzz/macos/harfbuzz-1.7.6/build/CMakeFiles/CMakeTmp/CMAKE_TRY_COMPILE.build/Debug/cmTC_4451a.build/DerivedSources/x86_64 -I/Users/radvani/Source/ViroHarfbuzz/macos/harfbuzz-1.7.6/build/CMakeFiles/CMakeTmp/CMAKE_TRY_COMPILE.build/Debug/cmTC_4451a.build/DerivedSources -Wmost -Wno-four-char-constants -Wno-unknown-pragmas -F/Users/radvani/Source/ViroHarfbuzz/macos/harfbuzz-1.7.6/build/CMakeFiles/CMakeTmp/Debug -DCHECK_FUNCTION_EXISTS=FT_Get_Var_Blend_Coordinates -MMD -MT dependencies -MF /Users/radvani/Source/ViroHarfbuzz/macos/harfbuzz-1.7.6/build/CMakeFiles/CMakeTmp/CMAKE_TRY_COMPILE.build/Debug/cmTC_4451a.build/Objects-normal/x86_64/CheckFunctionExists.d --serialize-diagnostics /Users/radvani/Source/ViroHarfbuzz/macos/harfbuzz-1.7.6/build/CMakeFiles/CMakeTmp/CMAKE_TRY_COMPILE.build/Debug/cmTC_4451a.build/Objects-normal/x86_64/CheckFunctionExists.dia -c /usr/local/Cellar/cmake/3.10.2/share/cmake/Modules/CheckFunctionExists.c -o /Users/radvani/Source/ViroHarfbuzz/macos/harfbuzz-1.7.6/build/CMakeFiles/CMakeTmp/CMAKE_TRY_COMPILE.build/Debug/cmTC_4451a.build/Objects-normal/x86_64/CheckFunctionExists.o

CompileC CMAKE_TRY_COMPILE.build/Debug/cmTC_4451a.build/Objects-normal/i386/CheckFunctionExists.o /usr/local/Cellar/cmake/3.10.2/share/cmake/Modules/CheckFunctionExists.c normal i386 c com.apple.compilers.llvm.clang.1_0.compiler
    cd /Users/radvani/Source/ViroHarfbuzz/macos/harfbuzz-1.7.6/build/CMakeFiles/CMakeTmp
    export LANG=en_US.US-ASCII
    /Applications/Xcode.app/Contents/Developer/Toolchains/XcodeDefault.xctoolchain/usr/bin/clang -x c -arch i386 -fmessage-length=0 -fdiagnostics-show-note-include-stack -fmacro-backtrace-limit=0 -Wno-trigraphs -fpascal-strings -O0 -Wno-missing-field-initializers -Wno-missing-prototypes -Wno-return-type -Wno-missing-braces -Wparentheses -Wswitch -Wno-unused-function -Wno-unused-label -Wno-unused-parameter -Wno-unused-variable -Wunused-value -Wno-empty-body -Wno-uninitialized -Wno-unknown-pragmas -Wno-shadow -Wno-four-char-constants -Wno-conversion -Wno-constant-conversion -Wno-int-conversion -Wno-bool-conversion -Wno-enum-conversion -Wno-float-conversion -Wno-non-literal-null-conversion -Wno-objc-literal-conversion -Wno-shorten-64-to-32 -Wpointer-sign -Wno-newline-eof -DCMAKE_INTDIR=\"Debug\" -isysroot /Applications/Xcode.app/Contents/Developer/Platforms/MacOSX.platform/Developer/SDKs/MacOSX10.13.sdk -fasm-blocks -fstrict-aliasing -Wdeprecated-declarations -mmacosx-version-min=10.13 -g -Wno-sign-conversion -Wno-infinite-recursion -Wno-comma -Wno-block-capture-autoreleasing -Wno-strict-prototypes -I/Users/radvani/Source/ViroHarfbuzz/macos/harfbuzz-1.7.6/build/CMakeFiles/CMakeTmp/Debug/include -I/Library/Frameworks/Mono.framework/Headers -I/usr/local/include/freetype2 -I/Users/radvani/Source/ViroHarfbuzz/macos/harfbuzz-1.7.6/build/CMakeFiles/CMakeTmp/CMAKE_TRY_COMPILE.build/Debug/cmTC_4451a.build/DerivedSources/i386 -I/Users/radvani/Source/ViroHarfbuzz/macos/harfbuzz-1.7.6/build/CMakeFiles/CMakeTmp/CMAKE_TRY_COMPILE.build/Debug/cmTC_4451a.build/DerivedSources -Wmost -Wno-four-char-constants -Wno-unknown-pragmas -F/Users/radvani/Source/ViroHarfbuzz/macos/harfbuzz-1.7.6/build/CMakeFiles/CMakeTmp/Debug -DCHECK_FUNCTION_EXISTS=FT_Get_Var_Blend_Coordinates -MMD -MT dependencies -MF /Users/radvani/Source/ViroHarfbuzz/macos/harfbuzz-1.7.6/build/CMakeFiles/CMakeTmp/CMAKE_TRY_COMPILE.build/Debug/cmTC_4451a.build/Objects-normal/i386/CheckFunctionExists.d --serialize-diagnostics /Users/radvani/Source/ViroHarfbuzz/macos/harfbuzz-1.7.6/build/CMakeFiles/CMakeTmp/CMAKE_TRY_COMPILE.build/Debug/cmTC_4451a.build/Objects-normal/i386/CheckFunctionExists.dia -c /usr/local/Cellar/cmake/3.10.2/share/cmake/Modules/CheckFunctionExists.c -o /Users/radvani/Source/ViroHarfbuzz/macos/harfbuzz-1.7.6/build/CMakeFiles/CMakeTmp/CMAKE_TRY_COMPILE.build/Debug/cmTC_4451a.build/Objects-normal/i386/CheckFunctionExists.o

Ld CMAKE_TRY_COMPILE.build/Debug/cmTC_4451a.build/Objects-normal/x86_64/cmTC_4451a normal x86_64
    cd /Users/radvani/Source/ViroHarfbuzz/macos/harfbuzz-1.7.6/build/CMakeFiles/CMakeTmp
    export MACOSX_DEPLOYMENT_TARGET=10.13
    /Applications/Xcode.app/Contents/Developer/Toolchains/XcodeDefault.xctoolchain/usr/bin/clang -arch x86_64 -isysroot /Applications/Xcode.app/Contents/Developer/Platforms/MacOSX.platform/Developer/SDKs/MacOSX10.13.sdk -L/Users/radvani/Source/ViroHarfbuzz/macos/harfbuzz-1.7.6/build/CMakeFiles/CMakeTmp/Debug -F/Users/radvani/Source/ViroHarfbuzz/macos/harfbuzz-1.7.6/build/CMakeFiles/CMakeTmp/Debug -filelist /Users/radvani/Source/ViroHarfbuzz/macos/harfbuzz-1.7.6/build/CMakeFiles/CMakeTmp/CMAKE_TRY_COMPILE.build/Debug/cmTC_4451a.build/Objects-normal/x86_64/cmTC_4451a.LinkFileList -mmacosx-version-min=10.13 -Xlinker -object_path_lto -Xlinker /Users/radvani/Source/ViroHarfbuzz/macos/harfbuzz-1.7.6/build/CMakeFiles/CMakeTmp/CMAKE_TRY_COMPILE.build/Debug/cmTC_4451a.build/Objects-normal/x86_64/cmTC_4451a_lto.o -Xlinker -no_deduplicate -Wl,-search_paths_first -Wl,-headerpad_max_install_names /usr/local/lib/libfreetype.dylib -Xlinker -dependency_info -Xlinker /Users/radvani/Source/ViroHarfbuzz/macos/harfbuzz-1.7.6/build/CMakeFiles/CMakeTmp/CMAKE_TRY_COMPILE.build/Debug/cmTC_4451a.build/Objects-normal/x86_64/cmTC_4451a_dependency_info.dat -o /Users/radvani/Source/ViroHarfbuzz/macos/harfbuzz-1.7.6/build/CMakeFiles/CMakeTmp/CMAKE_TRY_COMPILE.build/Debug/cmTC_4451a.build/Objects-normal/x86_64/cmTC_4451a
ld: warning: directory not found for option '-L/Users/radvani/Source/ViroHarfbuzz/macos/harfbuzz-1.7.6/build/CMakeFiles/CMakeTmp/Debug'
ld: warning: directory not found for option '-F/Users/radvani/Source/ViroHarfbuzz/macos/harfbuzz-1.7.6/build/CMakeFiles/CMakeTmp/Debug'

Ld CMAKE_TRY_COMPILE.build/Debug/cmTC_4451a.build/Objects-normal/i386/cmTC_4451a normal i386
    cd /Users/radvani/Source/ViroHarfbuzz/macos/harfbuzz-1.7.6/build/CMakeFiles/CMakeTmp
    export MACOSX_DEPLOYMENT_TARGET=10.13
    /Applications/Xcode.app/Contents/Developer/Toolchains/XcodeDefault.xctoolchain/usr/bin/clang -arch i386 -isysroot /Applications/Xcode.app/Contents/Developer/Platforms/MacOSX.platform/Developer/SDKs/MacOSX10.13.sdk -L/Users/radvani/Source/ViroHarfbuzz/macos/harfbuzz-1.7.6/build/CMakeFiles/CMakeTmp/Debug -F/Users/radvani/Source/ViroHarfbuzz/macos/harfbuzz-1.7.6/build/CMakeFiles/CMakeTmp/Debug -filelist /Users/radvani/Source/ViroHarfbuzz/macos/harfbuzz-1.7.6/build/CMakeFiles/CMakeTmp/CMAKE_TRY_COMPILE.build/Debug/cmTC_4451a.build/Objects-normal/i386/cmTC_4451a.LinkFileList -mmacosx-version-min=10.13 -Xlinker -object_path_lto -Xlinker /Users/radvani/Source/ViroHarfbuzz/macos/harfbuzz-1.7.6/build/CMakeFiles/CMakeTmp/CMAKE_TRY_COMPILE.build/Debug/cmTC_4451a.build/Objects-normal/i386/cmTC_4451a_lto.o -Xlinker -no_deduplicate -Wl,-search_paths_first -Wl,-headerpad_max_install_names /usr/local/lib/libfreetype.dylib -Xlinker -dependency_info -Xlinker /Users/radvani/Source/ViroHarfbuzz/macos/harfbuzz-1.7.6/build/CMakeFiles/CMakeTmp/CMAKE_TRY_COMPILE.build/Debug/cmTC_4451a.build/Objects-normal/i386/cmTC_4451a_dependency_info.dat -o /Users/radvani/Source/ViroHarfbuzz/macos/harfbuzz-1.7.6/build/CMakeFiles/CMakeTmp/CMAKE_TRY_COMPILE.build/Debug/cmTC_4451a.build/Objects-normal/i386/cmTC_4451a
ld: warning: directory not found for option '-L/Users/radvani/Source/ViroHarfbuzz/macos/harfbuzz-1.7.6/build/CMakeFiles/CMakeTmp/Debug'
ld: warning: directory not found for option '-F/Users/radvani/Source/ViroHarfbuzz/macos/harfbuzz-1.7.6/build/CMakeFiles/CMakeTmp/Debug'
ld: warning: ignoring file /usr/local/lib/libfreetype.dylib, file was built for x86_64 which is not the architecture being linked (i386): /usr/local/lib/libfreetype.dylib
Undefined symbols for architecture i386:
  "_FT_Get_Var_Blend_Coordinates", referenced from:
      _main in CheckFunctionExists.o
ld: symbol(s) not found for architecture i386
clang: error: linker command failed with exit code 1 (use -v to see invocation)

** BUILD FAILED **


The following build commands failed:
	Ld CMAKE_TRY_COMPILE.build/Debug/cmTC_4451a.build/Objects-normal/i386/cmTC_4451a normal i386
(1 failure)


Determining if the function FT_Set_Var_Blend_Coordinates exists failed with the following output:
Change Dir: /Users/radvani/Source/ViroHarfbuzz/macos/harfbuzz-1.7.6/build/CMakeFiles/CMakeTmp

Run Build Command:"/usr/bin/xcodebuild" "-project" "CMAKE_TRY_COMPILE.xcodeproj" "build" "-target" "cmTC_23aad" "-configuration" "Debug"
=== BUILD TARGET cmTC_23aad OF PROJECT CMAKE_TRY_COMPILE WITH CONFIGURATION Debug ===

Check dependencies
warning: The i386 architecture is deprecated for your deployment target (macOS 10.13). You should update your ARCHS build setting to remove the i386 architecture.

Write auxiliary files
/bin/mkdir -p /Users/radvani/Source/ViroHarfbuzz/macos/harfbuzz-1.7.6/build/CMakeFiles/CMakeTmp/CMAKE_TRY_COMPILE.build/Debug/cmTC_23aad.build/Objects-normal/i386
write-file /Users/radvani/Source/ViroHarfbuzz/macos/harfbuzz-1.7.6/build/CMakeFiles/CMakeTmp/CMAKE_TRY_COMPILE.build/Debug/cmTC_23aad.build/Objects-normal/i386/cmTC_23aad.LinkFileList
/bin/mkdir -p /Users/radvani/Source/ViroHarfbuzz/macos/harfbuzz-1.7.6/build/CMakeFiles/CMakeTmp/CMAKE_TRY_COMPILE.build/Debug/cmTC_23aad.build/Objects-normal/x86_64
write-file /Users/radvani/Source/ViroHarfbuzz/macos/harfbuzz-1.7.6/build/CMakeFiles/CMakeTmp/CMAKE_TRY_COMPILE.build/Debug/cmTC_23aad.build/Objects-normal/x86_64/cmTC_23aad.LinkFileList

CompileC CMAKE_TRY_COMPILE.build/Debug/cmTC_23aad.build/Objects-normal/x86_64/CheckFunctionExists.o /usr/local/Cellar/cmake/3.10.2/share/cmake/Modules/CheckFunctionExists.c normal x86_64 c com.apple.compilers.llvm.clang.1_0.compiler
    cd /Users/radvani/Source/ViroHarfbuzz/macos/harfbuzz-1.7.6/build/CMakeFiles/CMakeTmp
    export LANG=en_US.US-ASCII
    /Applications/Xcode.app/Contents/Developer/Toolchains/XcodeDefault.xctoolchain/usr/bin/clang -x c -arch x86_64 -fmessage-length=0 -fdiagnostics-show-note-include-stack -fmacro-backtrace-limit=0 -Wno-trigraphs -fpascal-strings -O0 -Wno-missing-field-initializers -Wno-missing-prototypes -Wno-return-type -Wno-missing-braces -Wparentheses -Wswitch -Wno-unused-function -Wno-unused-label -Wno-unused-parameter -Wno-unused-variable -Wunused-value -Wno-empty-body -Wno-uninitialized -Wno-unknown-pragmas -Wno-shadow -Wno-four-char-constants -Wno-conversion -Wno-constant-conversion -Wno-int-conversion -Wno-bool-conversion -Wno-enum-conversion -Wno-float-conversion -Wno-non-literal-null-conversion -Wno-objc-literal-conversion -Wno-shorten-64-to-32 -Wpointer-sign -Wno-newline-eof -DCMAKE_INTDIR=\"Debug\" -isysroot /Applications/Xcode.app/Contents/Developer/Platforms/MacOSX.platform/Developer/SDKs/MacOSX10.13.sdk -fasm-blocks -fstrict-aliasing -Wdeprecated-declarations -mmacosx-version-min=10.13 -g -Wno-sign-conversion -Wno-infinite-recursion -Wno-comma -Wno-block-capture-autoreleasing -Wno-strict-prototypes -I/Users/radvani/Source/ViroHarfbuzz/macos/harfbuzz-1.7.6/build/CMakeFiles/CMakeTmp/Debug/include -I/Library/Frameworks/Mono.framework/Headers -I/usr/local/include/freetype2 -I/Users/radvani/Source/ViroHarfbuzz/macos/harfbuzz-1.7.6/build/CMakeFiles/CMakeTmp/CMAKE_TRY_COMPILE.build/Debug/cmTC_23aad.build/DerivedSources/x86_64 -I/Users/radvani/Source/ViroHarfbuzz/macos/harfbuzz-1.7.6/build/CMakeFiles/CMakeTmp/CMAKE_TRY_COMPILE.build/Debug/cmTC_23aad.build/DerivedSources -Wmost -Wno-four-char-constants -Wno-unknown-pragmas -F/Users/radvani/Source/ViroHarfbuzz/macos/harfbuzz-1.7.6/build/CMakeFiles/CMakeTmp/Debug -DCHECK_FUNCTION_EXISTS=FT_Set_Var_Blend_Coordinates -MMD -MT dependencies -MF /Users/radvani/Source/ViroHarfbuzz/macos/harfbuzz-1.7.6/build/CMakeFiles/CMakeTmp/CMAKE_TRY_COMPILE.build/Debug/cmTC_23aad.build/Objects-normal/x86_64/CheckFunctionExists.d --serialize-diagnostics /Users/radvani/Source/ViroHarfbuzz/macos/harfbuzz-1.7.6/build/CMakeFiles/CMakeTmp/CMAKE_TRY_COMPILE.build/Debug/cmTC_23aad.build/Objects-normal/x86_64/CheckFunctionExists.dia -c /usr/local/Cellar/cmake/3.10.2/share/cmake/Modules/CheckFunctionExists.c -o /Users/radvani/Source/ViroHarfbuzz/macos/harfbuzz-1.7.6/build/CMakeFiles/CMakeTmp/CMAKE_TRY_COMPILE.build/Debug/cmTC_23aad.build/Objects-normal/x86_64/CheckFunctionExists.o

CompileC CMAKE_TRY_COMPILE.build/Debug/cmTC_23aad.build/Objects-normal/i386/CheckFunctionExists.o /usr/local/Cellar/cmake/3.10.2/share/cmake/Modules/CheckFunctionExists.c normal i386 c com.apple.compilers.llvm.clang.1_0.compiler
    cd /Users/radvani/Source/ViroHarfbuzz/macos/harfbuzz-1.7.6/build/CMakeFiles/CMakeTmp
    export LANG=en_US.US-ASCII
    /Applications/Xcode.app/Contents/Developer/Toolchains/XcodeDefault.xctoolchain/usr/bin/clang -x c -arch i386 -fmessage-length=0 -fdiagnostics-show-note-include-stack -fmacro-backtrace-limit=0 -Wno-trigraphs -fpascal-strings -O0 -Wno-missing-field-initializers -Wno-missing-prototypes -Wno-return-type -Wno-missing-braces -Wparentheses -Wswitch -Wno-unused-function -Wno-unused-label -Wno-unused-parameter -Wno-unused-variable -Wunused-value -Wno-empty-body -Wno-uninitialized -Wno-unknown-pragmas -Wno-shadow -Wno-four-char-constants -Wno-conversion -Wno-constant-conversion -Wno-int-conversion -Wno-bool-conversion -Wno-enum-conversion -Wno-float-conversion -Wno-non-literal-null-conversion -Wno-objc-literal-conversion -Wno-shorten-64-to-32 -Wpointer-sign -Wno-newline-eof -DCMAKE_INTDIR=\"Debug\" -isysroot /Applications/Xcode.app/Contents/Developer/Platforms/MacOSX.platform/Developer/SDKs/MacOSX10.13.sdk -fasm-blocks -fstrict-aliasing -Wdeprecated-declarations -mmacosx-version-min=10.13 -g -Wno-sign-conversion -Wno-infinite-recursion -Wno-comma -Wno-block-capture-autoreleasing -Wno-strict-prototypes -I/Users/radvani/Source/ViroHarfbuzz/macos/harfbuzz-1.7.6/build/CMakeFiles/CMakeTmp/Debug/include -I/Library/Frameworks/Mono.framework/Headers -I/usr/local/include/freetype2 -I/Users/radvani/Source/ViroHarfbuzz/macos/harfbuzz-1.7.6/build/CMakeFiles/CMakeTmp/CMAKE_TRY_COMPILE.build/Debug/cmTC_23aad.build/DerivedSources/i386 -I/Users/radvani/Source/ViroHarfbuzz/macos/harfbuzz-1.7.6/build/CMakeFiles/CMakeTmp/CMAKE_TRY_COMPILE.build/Debug/cmTC_23aad.build/DerivedSources -Wmost -Wno-four-char-constants -Wno-unknown-pragmas -F/Users/radvani/Source/ViroHarfbuzz/macos/harfbuzz-1.7.6/build/CMakeFiles/CMakeTmp/Debug -DCHECK_FUNCTION_EXISTS=FT_Set_Var_Blend_Coordinates -MMD -MT dependencies -MF /Users/radvani/Source/ViroHarfbuzz/macos/harfbuzz-1.7.6/build/CMakeFiles/CMakeTmp/CMAKE_TRY_COMPILE.build/Debug/cmTC_23aad.build/Objects-normal/i386/CheckFunctionExists.d --serialize-diagnostics /Users/radvani/Source/ViroHarfbuzz/macos/harfbuzz-1.7.6/build/CMakeFiles/CMakeTmp/CMAKE_TRY_COMPILE.build/Debug/cmTC_23aad.build/Objects-normal/i386/CheckFunctionExists.dia -c /usr/local/Cellar/cmake/3.10.2/share/cmake/Modules/CheckFunctionExists.c -o /Users/radvani/Source/ViroHarfbuzz/macos/harfbuzz-1.7.6/build/CMakeFiles/CMakeTmp/CMAKE_TRY_COMPILE.build/Debug/cmTC_23aad.build/Objects-normal/i386/CheckFunctionExists.o

Ld CMAKE_TRY_COMPILE.build/Debug/cmTC_23aad.build/Objects-normal/x86_64/cmTC_23aad normal x86_64
    cd /Users/radvani/Source/ViroHarfbuzz/macos/harfbuzz-1.7.6/build/CMakeFiles/CMakeTmp
    export MACOSX_DEPLOYMENT_TARGET=10.13
    /Applications/Xcode.app/Contents/Developer/Toolchains/XcodeDefault.xctoolchain/usr/bin/clang -arch x86_64 -isysroot /Applications/Xcode.app/Contents/Developer/Platforms/MacOSX.platform/Developer/SDKs/MacOSX10.13.sdk -L/Users/radvani/Source/ViroHarfbuzz/macos/harfbuzz-1.7.6/build/CMakeFiles/CMakeTmp/Debug -F/Users/radvani/Source/ViroHarfbuzz/macos/harfbuzz-1.7.6/build/CMakeFiles/CMakeTmp/Debug -filelist /Users/radvani/Source/ViroHarfbuzz/macos/harfbuzz-1.7.6/build/CMakeFiles/CMakeTmp/CMAKE_TRY_COMPILE.build/Debug/cmTC_23aad.build/Objects-normal/x86_64/cmTC_23aad.LinkFileList -mmacosx-version-min=10.13 -Xlinker -object_path_lto -Xlinker /Users/radvani/Source/ViroHarfbuzz/macos/harfbuzz-1.7.6/build/CMakeFiles/CMakeTmp/CMAKE_TRY_COMPILE.build/Debug/cmTC_23aad.build/Objects-normal/x86_64/cmTC_23aad_lto.o -Xlinker -no_deduplicate -Wl,-search_paths_first -Wl,-headerpad_max_install_names /usr/local/lib/libfreetype.dylib -Xlinker -dependency_info -Xlinker /Users/radvani/Source/ViroHarfbuzz/macos/harfbuzz-1.7.6/build/CMakeFiles/CMakeTmp/CMAKE_TRY_COMPILE.build/Debug/cmTC_23aad.build/Objects-normal/x86_64/cmTC_23aad_dependency_info.dat -o /Users/radvani/Source/ViroHarfbuzz/macos/harfbuzz-1.7.6/build/CMakeFiles/CMakeTmp/CMAKE_TRY_COMPILE.build/Debug/cmTC_23aad.build/Objects-normal/x86_64/cmTC_23aad
ld: warning: directory not found for option '-L/Users/radvani/Source/ViroHarfbuzz/macos/harfbuzz-1.7.6/build/CMakeFiles/CMakeTmp/Debug'
ld: warning: directory not found for option '-F/Users/radvani/Source/ViroHarfbuzz/macos/harfbuzz-1.7.6/build/CMakeFiles/CMakeTmp/Debug'

Ld CMAKE_TRY_COMPILE.build/Debug/cmTC_23aad.build/Objects-normal/i386/cmTC_23aad normal i386
    cd /Users/radvani/Source/ViroHarfbuzz/macos/harfbuzz-1.7.6/build/CMakeFiles/CMakeTmp
    export MACOSX_DEPLOYMENT_TARGET=10.13
    /Applications/Xcode.app/Contents/Developer/Toolchains/XcodeDefault.xctoolchain/usr/bin/clang -arch i386 -isysroot /Applications/Xcode.app/Contents/Developer/Platforms/MacOSX.platform/Developer/SDKs/MacOSX10.13.sdk -L/Users/radvani/Source/ViroHarfbuzz/macos/harfbuzz-1.7.6/build/CMakeFiles/CMakeTmp/Debug -F/Users/radvani/Source/ViroHarfbuzz/macos/harfbuzz-1.7.6/build/CMakeFiles/CMakeTmp/Debug -filelist /Users/radvani/Source/ViroHarfbuzz/macos/harfbuzz-1.7.6/build/CMakeFiles/CMakeTmp/CMAKE_TRY_COMPILE.build/Debug/cmTC_23aad.build/Objects-normal/i386/cmTC_23aad.LinkFileList -mmacosx-version-min=10.13 -Xlinker -object_path_lto -Xlinker /Users/radvani/Source/ViroHarfbuzz/macos/harfbuzz-1.7.6/build/CMakeFiles/CMakeTmp/CMAKE_TRY_COMPILE.build/Debug/cmTC_23aad.build/Objects-normal/i386/cmTC_23aad_lto.o -Xlinker -no_deduplicate -Wl,-search_paths_first -Wl,-headerpad_max_install_names /usr/local/lib/libfreetype.dylib -Xlinker -dependency_info -Xlinker /Users/radvani/Source/ViroHarfbuzz/macos/harfbuzz-1.7.6/build/CMakeFiles/CMakeTmp/CMAKE_TRY_COMPILE.build/Debug/cmTC_23aad.build/Objects-normal/i386/cmTC_23aad_dependency_info.dat -o /Users/radvani/Source/ViroHarfbuzz/macos/harfbuzz-1.7.6/build/CMakeFiles/CMakeTmp/CMAKE_TRY_COMPILE.build/Debug/cmTC_23aad.build/Objects-normal/i386/cmTC_23aad
ld: warning: directory not found for option '-L/Users/radvani/Source/ViroHarfbuzz/macos/harfbuzz-1.7.6/build/CMakeFiles/CMakeTmp/Debug'
ld: warning: directory not found for option '-F/Users/radvani/Source/ViroHarfbuzz/macos/harfbuzz-1.7.6/build/CMakeFiles/CMakeTmp/Debug'
ld: warning: ignoring file /usr/local/lib/libfreetype.dylib, file was built for x86_64 which is not the architecture being linked (i386): /usr/local/lib/libfreetype.dylib
Undefined symbols for architecture i386:
  "_FT_Set_Var_Blend_Coordinates", referenced from:
      _main in CheckFunctionExists.o
ld: symbol(s) not found for architecture i386
clang: error: linker command failed with exit code 1 (use -v to see invocation)

** BUILD FAILED **


The following build commands failed:
	Ld CMAKE_TRY_COMPILE.build/Debug/cmTC_23aad.build/Objects-normal/i386/cmTC_23aad normal i386
(1 failure)


Determining if the function FT_Done_MM_Var exists failed with the following output:
Change Dir: /Users/radvani/Source/ViroHarfbuzz/macos/harfbuzz-1.7.6/build/CMakeFiles/CMakeTmp

Run Build Command:"/usr/bin/xcodebuild" "-project" "CMAKE_TRY_COMPILE.xcodeproj" "build" "-target" "cmTC_a8785" "-configuration" "Debug"
=== BUILD TARGET cmTC_a8785 OF PROJECT CMAKE_TRY_COMPILE WITH CONFIGURATION Debug ===

Check dependencies
warning: The i386 architecture is deprecated for your deployment target (macOS 10.13). You should update your ARCHS build setting to remove the i386 architecture.

Write auxiliary files
/bin/mkdir -p /Users/radvani/Source/ViroHarfbuzz/macos/harfbuzz-1.7.6/build/CMakeFiles/CMakeTmp/CMAKE_TRY_COMPILE.build/Debug/cmTC_a8785.build/Objects-normal/i386
write-file /Users/radvani/Source/ViroHarfbuzz/macos/harfbuzz-1.7.6/build/CMakeFiles/CMakeTmp/CMAKE_TRY_COMPILE.build/Debug/cmTC_a8785.build/Objects-normal/i386/cmTC_a8785.LinkFileList
/bin/mkdir -p /Users/radvani/Source/ViroHarfbuzz/macos/harfbuzz-1.7.6/build/CMakeFiles/CMakeTmp/CMAKE_TRY_COMPILE.build/Debug/cmTC_a8785.build/Objects-normal/x86_64
write-file /Users/radvani/Source/ViroHarfbuzz/macos/harfbuzz-1.7.6/build/CMakeFiles/CMakeTmp/CMAKE_TRY_COMPILE.build/Debug/cmTC_a8785.build/Objects-normal/x86_64/cmTC_a8785.LinkFileList

CompileC CMAKE_TRY_COMPILE.build/Debug/cmTC_a8785.build/Objects-normal/i386/CheckFunctionExists.o /usr/local/Cellar/cmake/3.10.2/share/cmake/Modules/CheckFunctionExists.c normal i386 c com.apple.compilers.llvm.clang.1_0.compiler
    cd /Users/radvani/Source/ViroHarfbuzz/macos/harfbuzz-1.7.6/build/CMakeFiles/CMakeTmp
    export LANG=en_US.US-ASCII
    /Applications/Xcode.app/Contents/Developer/Toolchains/XcodeDefault.xctoolchain/usr/bin/clang -x c -arch i386 -fmessage-length=0 -fdiagnostics-show-note-include-stack -fmacro-backtrace-limit=0 -Wno-trigraphs -fpascal-strings -O0 -Wno-missing-field-initializers -Wno-missing-prototypes -Wno-return-type -Wno-missing-braces -Wparentheses -Wswitch -Wno-unused-function -Wno-unused-label -Wno-unused-parameter -Wno-unused-variable -Wunused-value -Wno-empty-body -Wno-uninitialized -Wno-unknown-pragmas -Wno-shadow -Wno-four-char-constants -Wno-conversion -Wno-constant-conversion -Wno-int-conversion -Wno-bool-conversion -Wno-enum-conversion -Wno-float-conversion -Wno-non-literal-null-conversion -Wno-objc-literal-conversion -Wno-shorten-64-to-32 -Wpointer-sign -Wno-newline-eof -DCMAKE_INTDIR=\"Debug\" -isysroot /Applications/Xcode.app/Contents/Developer/Platforms/MacOSX.platform/Developer/SDKs/MacOSX10.13.sdk -fasm-blocks -fstrict-aliasing -Wdeprecated-declarations -mmacosx-version-min=10.13 -g -Wno-sign-conversion -Wno-infinite-recursion -Wno-comma -Wno-block-capture-autoreleasing -Wno-strict-prototypes -I/Users/radvani/Source/ViroHarfbuzz/macos/harfbuzz-1.7.6/build/CMakeFiles/CMakeTmp/Debug/include -I/Library/Frameworks/Mono.framework/Headers -I/usr/local/include/freetype2 -I/Users/radvani/Source/ViroHarfbuzz/macos/harfbuzz-1.7.6/build/CMakeFiles/CMakeTmp/CMAKE_TRY_COMPILE.build/Debug/cmTC_a8785.build/DerivedSources/i386 -I/Users/radvani/Source/ViroHarfbuzz/macos/harfbuzz-1.7.6/build/CMakeFiles/CMakeTmp/CMAKE_TRY_COMPILE.build/Debug/cmTC_a8785.build/DerivedSources -Wmost -Wno-four-char-constants -Wno-unknown-pragmas -F/Users/radvani/Source/ViroHarfbuzz/macos/harfbuzz-1.7.6/build/CMakeFiles/CMakeTmp/Debug -DCHECK_FUNCTION_EXISTS=FT_Done_MM_Var -MMD -MT dependencies -MF /Users/radvani/Source/ViroHarfbuzz/macos/harfbuzz-1.7.6/build/CMakeFiles/CMakeTmp/CMAKE_TRY_COMPILE.build/Debug/cmTC_a8785.build/Objects-normal/i386/CheckFunctionExists.d --serialize-diagnostics /Users/radvani/Source/ViroHarfbuzz/macos/harfbuzz-1.7.6/build/CMakeFiles/CMakeTmp/CMAKE_TRY_COMPILE.build/Debug/cmTC_a8785.build/Objects-normal/i386/CheckFunctionExists.dia -c /usr/local/Cellar/cmake/3.10.2/share/cmake/Modules/CheckFunctionExists.c -o /Users/radvani/Source/ViroHarfbuzz/macos/harfbuzz-1.7.6/build/CMakeFiles/CMakeTmp/CMAKE_TRY_COMPILE.build/Debug/cmTC_a8785.build/Objects-normal/i386/CheckFunctionExists.o

CompileC CMAKE_TRY_COMPILE.build/Debug/cmTC_a8785.build/Objects-normal/x86_64/CheckFunctionExists.o /usr/local/Cellar/cmake/3.10.2/share/cmake/Modules/CheckFunctionExists.c normal x86_64 c com.apple.compilers.llvm.clang.1_0.compiler
    cd /Users/radvani/Source/ViroHarfbuzz/macos/harfbuzz-1.7.6/build/CMakeFiles/CMakeTmp
    export LANG=en_US.US-ASCII
    /Applications/Xcode.app/Contents/Developer/Toolchains/XcodeDefault.xctoolchain/usr/bin/clang -x c -arch x86_64 -fmessage-length=0 -fdiagnostics-show-note-include-stack -fmacro-backtrace-limit=0 -Wno-trigraphs -fpascal-strings -O0 -Wno-missing-field-initializers -Wno-missing-prototypes -Wno-return-type -Wno-missing-braces -Wparentheses -Wswitch -Wno-unused-function -Wno-unused-label -Wno-unused-parameter -Wno-unused-variable -Wunused-value -Wno-empty-body -Wno-uninitialized -Wno-unknown-pragmas -Wno-shadow -Wno-four-char-constants -Wno-conversion -Wno-constant-conversion -Wno-int-conversion -Wno-bool-conversion -Wno-enum-conversion -Wno-float-conversion -Wno-non-literal-null-conversion -Wno-objc-literal-conversion -Wno-shorten-64-to-32 -Wpointer-sign -Wno-newline-eof -DCMAKE_INTDIR=\"Debug\" -isysroot /Applications/Xcode.app/Contents/Developer/Platforms/MacOSX.platform/Developer/SDKs/MacOSX10.13.sdk -fasm-blocks -fstrict-aliasing -Wdeprecated-declarations -mmacosx-version-min=10.13 -g -Wno-sign-conversion -Wno-infinite-recursion -Wno-comma -Wno-block-capture-autoreleasing -Wno-strict-prototypes -I/Users/radvani/Source/ViroHarfbuzz/macos/harfbuzz-1.7.6/build/CMakeFiles/CMakeTmp/Debug/include -I/Library/Frameworks/Mono.framework/Headers -I/usr/local/include/freetype2 -I/Users/radvani/Source/ViroHarfbuzz/macos/harfbuzz-1.7.6/build/CMakeFiles/CMakeTmp/CMAKE_TRY_COMPILE.build/Debug/cmTC_a8785.build/DerivedSources/x86_64 -I/Users/radvani/Source/ViroHarfbuzz/macos/harfbuzz-1.7.6/build/CMakeFiles/CMakeTmp/CMAKE_TRY_COMPILE.build/Debug/cmTC_a8785.build/DerivedSources -Wmost -Wno-four-char-constants -Wno-unknown-pragmas -F/Users/radvani/Source/ViroHarfbuzz/macos/harfbuzz-1.7.6/build/CMakeFiles/CMakeTmp/Debug -DCHECK_FUNCTION_EXISTS=FT_Done_MM_Var -MMD -MT dependencies -MF /Users/radvani/Source/ViroHarfbuzz/macos/harfbuzz-1.7.6/build/CMakeFiles/CMakeTmp/CMAKE_TRY_COMPILE.build/Debug/cmTC_a8785.build/Objects-normal/x86_64/CheckFunctionExists.d --serialize-diagnostics /Users/radvani/Source/ViroHarfbuzz/macos/harfbuzz-1.7.6/build/CMakeFiles/CMakeTmp/CMAKE_TRY_COMPILE.build/Debug/cmTC_a8785.build/Objects-normal/x86_64/CheckFunctionExists.dia -c /usr/local/Cellar/cmake/3.10.2/share/cmake/Modules/CheckFunctionExists.c -o /Users/radvani/Source/ViroHarfbuzz/macos/harfbuzz-1.7.6/build/CMakeFiles/CMakeTmp/CMAKE_TRY_COMPILE.build/Debug/cmTC_a8785.build/Objects-normal/x86_64/CheckFunctionExists.o

Ld CMAKE_TRY_COMPILE.build/Debug/cmTC_a8785.build/Objects-normal/x86_64/cmTC_a8785 normal x86_64
    cd /Users/radvani/Source/ViroHarfbuzz/macos/harfbuzz-1.7.6/build/CMakeFiles/CMakeTmp
    export MACOSX_DEPLOYMENT_TARGET=10.13
    /Applications/Xcode.app/Contents/Developer/Toolchains/XcodeDefault.xctoolchain/usr/bin/clang -arch x86_64 -isysroot /Applications/Xcode.app/Contents/Developer/Platforms/MacOSX.platform/Developer/SDKs/MacOSX10.13.sdk -L/Users/radvani/Source/ViroHarfbuzz/macos/harfbuzz-1.7.6/build/CMakeFiles/CMakeTmp/Debug -F/Users/radvani/Source/ViroHarfbuzz/macos/harfbuzz-1.7.6/build/CMakeFiles/CMakeTmp/Debug -filelist /Users/radvani/Source/ViroHarfbuzz/macos/harfbuzz-1.7.6/build/CMakeFiles/CMakeTmp/CMAKE_TRY_COMPILE.build/Debug/cmTC_a8785.build/Objects-normal/x86_64/cmTC_a8785.LinkFileList -mmacosx-version-min=10.13 -Xlinker -object_path_lto -Xlinker /Users/radvani/Source/ViroHarfbuzz/macos/harfbuzz-1.7.6/build/CMakeFiles/CMakeTmp/CMAKE_TRY_COMPILE.build/Debug/cmTC_a8785.build/Objects-normal/x86_64/cmTC_a8785_lto.o -Xlinker -no_deduplicate -Wl,-search_paths_first -Wl,-headerpad_max_install_names /usr/local/lib/libfreetype.dylib -Xlinker -dependency_info -Xlinker /Users/radvani/Source/ViroHarfbuzz/macos/harfbuzz-1.7.6/build/CMakeFiles/CMakeTmp/CMAKE_TRY_COMPILE.build/Debug/cmTC_a8785.build/Objects-normal/x86_64/cmTC_a8785_dependency_info.dat -o /Users/radvani/Source/ViroHarfbuzz/macos/harfbuzz-1.7.6/build/CMakeFiles/CMakeTmp/CMAKE_TRY_COMPILE.build/Debug/cmTC_a8785.build/Objects-normal/x86_64/cmTC_a8785
ld: warning: directory not found for option '-L/Users/radvani/Source/ViroHarfbuzz/macos/harfbuzz-1.7.6/build/CMakeFiles/CMakeTmp/Debug'
ld: warning: directory not found for option '-F/Users/radvani/Source/ViroHarfbuzz/macos/harfbuzz-1.7.6/build/CMakeFiles/CMakeTmp/Debug'

Ld CMAKE_TRY_COMPILE.build/Debug/cmTC_a8785.build/Objects-normal/i386/cmTC_a8785 normal i386
    cd /Users/radvani/Source/ViroHarfbuzz/macos/harfbuzz-1.7.6/build/CMakeFiles/CMakeTmp
    export MACOSX_DEPLOYMENT_TARGET=10.13
    /Applications/Xcode.app/Contents/Developer/Toolchains/XcodeDefault.xctoolchain/usr/bin/clang -arch i386 -isysroot /Applications/Xcode.app/Contents/Developer/Platforms/MacOSX.platform/Developer/SDKs/MacOSX10.13.sdk -L/Users/radvani/Source/ViroHarfbuzz/macos/harfbuzz-1.7.6/build/CMakeFiles/CMakeTmp/Debug -F/Users/radvani/Source/ViroHarfbuzz/macos/harfbuzz-1.7.6/build/CMakeFiles/CMakeTmp/Debug -filelist /Users/radvani/Source/ViroHarfbuzz/macos/harfbuzz-1.7.6/build/CMakeFiles/CMakeTmp/CMAKE_TRY_COMPILE.build/Debug/cmTC_a8785.build/Objects-normal/i386/cmTC_a8785.LinkFileList -mmacosx-version-min=10.13 -Xlinker -object_path_lto -Xlinker /Users/radvani/Source/ViroHarfbuzz/macos/harfbuzz-1.7.6/build/CMakeFiles/CMakeTmp/CMAKE_TRY_COMPILE.build/Debug/cmTC_a8785.build/Objects-normal/i386/cmTC_a8785_lto.o -Xlinker -no_deduplicate -Wl,-search_paths_first -Wl,-headerpad_max_install_names /usr/local/lib/libfreetype.dylib -Xlinker -dependency_info -Xlinker /Users/radvani/Source/ViroHarfbuzz/macos/harfbuzz-1.7.6/build/CMakeFiles/CMakeTmp/CMAKE_TRY_COMPILE.build/Debug/cmTC_a8785.build/Objects-normal/i386/cmTC_a8785_dependency_info.dat -o /Users/radvani/Source/ViroHarfbuzz/macos/harfbuzz-1.7.6/build/CMakeFiles/CMakeTmp/CMAKE_TRY_COMPILE.build/Debug/cmTC_a8785.build/Objects-normal/i386/cmTC_a8785
ld: warning: directory not found for option '-L/Users/radvani/Source/ViroHarfbuzz/macos/harfbuzz-1.7.6/build/CMakeFiles/CMakeTmp/Debug'
ld: warning: directory not found for option '-F/Users/radvani/Source/ViroHarfbuzz/macos/harfbuzz-1.7.6/build/CMakeFiles/CMakeTmp/Debug'
ld: warning: ignoring file /usr/local/lib/libfreetype.dylib, file was built for x86_64 which is not the architecture being linked (i386): /usr/local/lib/libfreetype.dylib
Undefined symbols for architecture i386:
  "_FT_Done_MM_Var", referenced from:
      _main in CheckFunctionExists.o
ld: symbol(s) not found for architecture i386
clang: error: linker command failed with exit code 1 (use -v to see invocation)

** BUILD FAILED **


The following build commands failed:
	Ld CMAKE_TRY_COMPILE.build/Debug/cmTC_a8785.build/Objects-normal/i386/cmTC_a8785 normal i386
(1 failure)


